<?xml version="1.0" encoding="UTF-8"?>
<!-- Generated by org.testng.reporters.JUnitReportReporter -->
<testsuite hostname="ArunMotoori" failures="0" tests="1" name="register.TC_RF_015" time="5.464" errors="0" timestamp="2024-11-27T20:10:29 IST" skipped="0">
  <testcase classname="register.TC_RF_015" name="verifyDataBaseTestingForRegisterAccount" time="5.464"/>
</testsuite> <!-- register.TC_RF_015 -->
