<?xml version="1.0" encoding="UTF-8"?>
<!-- Generated by org.testng.reporters.JUnitReportReporter -->
<testsuite hostname="ArunMotoori" failures="0" tests="1" name="tests.Search" time="6.708" errors="0" timestamp="2025-02-01T12:34:36 IST" skipped="0">
  <testcase classname="tests.Search" name="verifySearchWithAnExistingProduct" time="6.708"/>
</testsuite> <!-- tests.Search -->
