<?xml version="1.0" encoding="UTF-8"?>
<!-- Generated by org.testng.reporters.JUnitReportReporter -->
<testsuite hostname="ArunMotoori" failures="0" tests="1" name="tests.Register" time="10.943" errors="0" timestamp="2024-12-24T21:51:41 IST" skipped="0">
  <testcase classname="tests.Register" name="verifyRegisterAccountInAllEnvironments" time="10.943"/>
</testsuite> <!-- tests.Register -->
