<?xml version="1.0" encoding="UTF-8"?>
<!-- Generated by org.testng.reporters.JUnitReportReporter -->
<testsuite hostname="ArunMotoori" failures="0" tests="1" name="tests.Login" time="6.129" errors="0" timestamp="2025-03-08T12:56:55 IST" skipped="0">
  <testcase classname="tests.Login" name="verifyLoginPageBreadcrumbURLTitleHeading" time="6.129"/>
</testsuite> <!-- tests.Login -->
