<?xml version="1.0" encoding="UTF-8"?>
<!-- Generated by org.testng.reporters.JUnitReportReporter -->
<testsuite hostname="ArunMotoori" failures="0" tests="2" name="tests.Register" time="7.839" errors="0" timestamp="2025-01-18T12:36:17 IST" skipped="1">
  <testcase classname="tests.Register" name="verifyRegisteringAccountUsingKeyboardKeys" time="7.839"/>
  <testcase classname="tests.Register" name="verifyDataBaseTestingForRegisterAccount">
    <skipped/>
  </testcase> <!-- verifyDataBaseTestingForRegisterAccount -->
</testsuite> <!-- tests.Register -->
