<?xml version="1.0" encoding="UTF-8"?>
<!-- Generated by org.testng.reporters.JUnitReportReporter -->
<testsuite hostname="ArunMotoori" failures="0" tests="1" name="tests.Search" time="21.122" errors="0" timestamp="2025-03-15T13:16:42 IST" skipped="0">
  <testcase classname="tests.Search" name="verifyUsingAllOptionsOnSearchResultsPageUsingKeyboardKeys" time="21.122"/>
</testsuite> <!-- tests.Search -->
