<?xml version="1.0" encoding="UTF-8"?>
<!-- Generated by org.testng.reporters.JUnitReportReporter -->
<testsuite hostname="ArunMotoori" failures="0" tests="1" name="tests.Login" time="9.557" errors="0" timestamp="2025-01-18T13:00:02 IST" skipped="0">
  <testcase classname="tests.Login" name="verifyBrowsingBackAfterLogout" time="9.557"/>
</testsuite> <!-- tests.Login -->
