<?xml version="1.0" encoding="UTF-8"?>
<!-- Generated by org.testng.reporters.JUnitReportReporter -->
<testsuite hostname="ArunMotoori" failures="0" tests="1" name="tests.Register" time="14.214" errors="0" timestamp="2024-12-26T20:07:47 IST" skipped="0">
  <testcase classname="tests.Register" name="verifyRegisteringAccountBySubscribingToNewsletter" time="14.214"/>
</testsuite> <!-- tests.Register -->
