<?xml version="1.0" encoding="UTF-8"?>
<!-- Generated by org.testng.reporters.JUnitReportReporter -->
<testsuite hostname="ArunMotoori" failures="0" tests="1" name="tests.Logout" time="10.881" errors="0" timestamp="2025-02-01T12:19:56 IST" skipped="0">
  <testcase classname="tests.Logout" name="verifyLogoutInAllSupportedEnvironments" time="10.881"/>
</testsuite> <!-- tests.Logout -->
