<?xml version="1.0" encoding="UTF-8"?>
<!-- Generated by org.testng.reporters.JUnitReportReporter -->
<testsuite hostname="ArunMotoori" failures="0" tests="1" name="tests.Login" time="6.903" errors="0" timestamp="2025-01-19T12:28:08 IST" skipped="0">
  <testcase classname="tests.Login" name="verifyCopyingOfTextEnteredIntoPasswordField" time="6.903"/>
</testsuite> <!-- tests.Login -->
