<?xml version="1.0" encoding="UTF-8"?>
<!-- Generated by org.testng.reporters.JUnitReportReporter -->
<testsuite hostname="ArunMotoori" failures="0" tests="1" name="tests.Register" time="8.825" errors="0" timestamp="2025-01-01T22:00:09 IST" skipped="0">
  <testcase classname="tests.Register" name="verifyRegisteringAccountByProvidingMismatchedPasswords" time="8.825"/>
</testsuite> <!-- tests.Register -->
