<?xml version="1.0" encoding="UTF-8"?>
<!-- Generated by org.testng.reporters.JUnitReportReporter -->
<testsuite hostname="ArunMotoori" failures="0" tests="1" name="tests.Search" time="54.173" errors="0" timestamp="2025-03-09T12:28:26 IST" skipped="0">
  <testcase classname="tests.Search" name="verifyDisplayingOfSearchFieldAndSearchButtonOnAllPagesOfTheApplication" time="54.173"/>
</testsuite> <!-- tests.Search -->
