<?xml version="1.0" encoding="UTF-8"?>
<!-- Generated by org.testng.reporters.JUnitReportReporter -->
<testsuite hostname="ArunMotoori" failures="0" tests="2" name="tests.Register" time="12.408" errors="0" timestamp="2025-01-04T13:22:48 IST" skipped="1">
  <testcase classname="tests.Register" name="verifyRegisterAccountInAllEnvironments" time="12.408"/>
  <testcase classname="tests.Register" name="verifyDataBaseTestingForRegisterAccount">
    <skipped/>
  </testcase> <!-- verifyDataBaseTestingForRegisterAccount -->
</testsuite> <!-- tests.Register -->
