<?xml version="1.0" encoding="UTF-8"?>
<!-- Generated by org.testng.reporters.JUnitReportReporter -->
<testsuite hostname="ArunMotoori" failures="0" tests="2" name="tests.Register" time="35.396" errors="0" timestamp="2025-01-05T14:14:47 IST" skipped="1">
  <testcase classname="tests.Register" name="verifyRegisterAccountPageNavigations" time="35.396"/>
  <testcase classname="tests.Register" name="verifyDataBaseTestingForRegisterAccount">
    <skipped/>
  </testcase> <!-- verifyDataBaseTestingForRegisterAccount -->
</testsuite> <!-- tests.Register -->
