<?xml version="1.0" encoding="UTF-8"?>
<!-- Generated by org.testng.reporters.JUnitReportReporter -->
<testsuite hostname="ArunMotoori" failures="0" tests="1" name="tests.Search" time="6.443" errors="0" timestamp="2025-02-02T12:29:38 IST" skipped="0">
  <testcase classname="tests.Search" name="verifySearchUsingTextInProductDescription" time="6.443"/>
</testsuite> <!-- tests.Search -->
