<?xml version="1.0" encoding="UTF-8"?>
<!-- Generated by org.testng.reporters.JUnitReportReporter -->
<testsuite hostname="ArunMotoori" failures="0" tests="1" name="tests.Search" time="7.274" errors="0" timestamp="2025-02-22T12:17:26 IST" skipped="0">
  <testcase classname="tests.Search" name="verifySearchBySelectingToSearchInSubCategories" time="7.274"/>
</testsuite> <!-- tests.Search -->
