<?xml version="1.0" encoding="UTF-8"?>
<!-- Generated by org.testng.reporters.JUnitReportReporter -->
<testsuite hostname="ArunMotoori" failures="0" tests="1" name="tests.Search" time="7.737" errors="0" timestamp="2025-02-23T18:12:57 IST" skipped="0">
  <testcase classname="tests.Search" name="verifyAllSortingOptionsInSearchResultsPage" time="7.737"/>
</testsuite> <!-- tests.Search -->
