<?xml version="1.0" encoding="UTF-8"?>
<!-- Generated by org.testng.reporters.JUnitReportReporter -->
<testsuite hostname="ArunMotoori" failures="0" tests="9" name="tests.Logout" time="111.841" errors="0" timestamp="2025-03-16T13:35:37 IST" skipped="0">
  <testcase classname="tests.Logout" name="verifyLoggingOutUsingMyAccountLogoutOption" time="9.290"/>
  <testcase classname="tests.Logout" name="verifyLoggingOutUsingRightColumnLogoutOption" time="15.668"/>
  <testcase classname="tests.Logout" name="verifyLoggingOutAndBrowsingBack" time="12.420"/>
  <testcase classname="tests.Logout" name="verifyNoLogoutOptionBeforeLoginInMyAccountDropMenu" time="9.343"/>
  <testcase classname="tests.Logout" name="verifyNoLogoutOptionBeforeLoginInRightColumnOptions" time="11.229"/>
  <testcase classname="tests.Logout" name="verifyLoginImmediatleyAfterLogout" time="14.739"/>
  <testcase classname="tests.Logout" name="verifyBreadcrumbTitleURLAndHeadingOfAccountLogoutPage" time="12.446"/>
  <testcase classname="tests.Logout" name="verifyLogoutUI" time="14.020"/>
  <testcase classname="tests.Logout" name="verifyLogoutInAllSupportedEnvironments" time="12.686"/>
</testsuite> <!-- tests.Logout -->
