<?xml version="1.0" encoding="UTF-8"?>
<!-- Generated by org.testng.reporters.JUnitReportReporter -->
<testsuite hostname="ArunMotoori" failures="0" tests="1" name="tests.Logout" time="9.013" errors="0" timestamp="2025-01-26T12:51:37 IST" skipped="0">
  <testcase classname="tests.Logout" name="verifyLoggingOutUsingRightColumnLogoutOption" time="9.013"/>
</testsuite> <!-- tests.Logout -->
