<?xml version="1.0" encoding="UTF-8"?>
<!-- Generated by org.testng.reporters.JUnitReportReporter -->
<testsuite hostname="ArunMotoori" failures="0" tests="1" name="tests.Register" time="20.077" errors="0" timestamp="2024-12-17T20:28:01 IST" skipped="0">
  <testcase classname="tests.Register" name="verifyRegisteringAccountUsingInvalidEmail" time="20.077"/>
</testsuite> <!-- tests.Register -->
