<?xml version="1.0" encoding="UTF-8"?>
<!-- Generated by org.testng.reporters.JUnitReportReporter -->
<testsuite hostname="ArunMotoori" failures="0" tests="2" name="tests.Register" time="7.992" errors="0" timestamp="2025-03-08T13:00:35 IST" skipped="1">
  <testcase classname="tests.Register" name="verifyRegisterAccountPageBreadcrumbURLTitleHeading" time="7.992"/>
  <testcase classname="tests.Register" name="verifyDataBaseTestingForRegisterAccount">
    <skipped/>
  </testcase> <!-- verifyDataBaseTestingForRegisterAccount -->
</testsuite> <!-- tests.Register -->
